{
  "RSpec": {
    "coverage": {
      "/home/darling-range-2715/tic-tac-toe-rb-online-web-sp-000/lib/tic_tac_toe.rb": [
        1,
        null,
        1,
        null,
        null,
        null,
        null,
        null,
        null,
        null,
        null,
        null,
        1,
        19,
        19,
        19,
        19,
        19,
        null,
        null,
        1,
        962,
        null,
        null,
        1,
        17,
        null,
        null,
        1,
        964,
        null,
        null,
        1,
        962,
        null,
        null,
        1,
        961,
        960,
        959,
        959,
        null,
        14,
        14,
        null,
        945,
        null,
        null,
        null,
        1,
        16,
        16,
        144,
        11,
        null,
        null,
        16,
        null,
        null,
        1,
        null,
        15,
        4,
        null,
        11,
        null,
        null,
        null,
        1,
        40,
        null,
        null,
        309,
        309,
        309,
        null,
        309,
        309,
        309,
        null,
        309,
        6,
        null,
        null,
        34,
        null,
        null,
        1,
        28,
        75,
        null,
        null,
        null,
        1,
        21,
        null,
        3,
        null,
        18,
        null,
        null,
        null,
        1,
        12,
        4,
        null,
        8,
        null,
        null,
        null,
        1,
        3,
        3,
        1,
        null,
        2,
        1,
        null,
        1,
        1,
        null,
        null,
        null,
        1,
        24,
        null,
        19,
        14,
        12,
        null,
        null,
        12,
        2,
        10,
        3,
        null,
        null,
        null
      ]
    },
    "timestamp": 1573438685
  }
}
