{
  "RSpec": {
    "coverage": {
      "/home/darling-range-2715/tic-tac-toe-rb-online-web-sp-000/lib/tic_tac_toe.rb": [
        1,
        null,
        1,
        null,
        null,
        null,
        null,
        null,
        null,
        null,
        null,
        null,
        1,
        24,
        24,
        24,
        24,
        24,
        null,
        null,
        1,
        23,
        null,
        null,
        1,
        22,
        null,
        null,
        1,
        25,
        null,
        null,
        1,
        23,
        null,
        null,
        1,
        20,
        20,
        20,
        20,
        null,
        19,
        19,
        null,
        1,
        null,
        null,
        null,
        1,
        21,
        21,
        189,
        31,
        null,
        null,
        21,
        null,
        null,
        1,
        null,
        20,
        6,
        null,
        14,
        null,
        null,
        null,
        1,
        90,
        null,
        null,
        633,
        633,
        633,
        null,
        633,
        633,
        633,
        null,
        633,
        36,
        null,
        null,
        54,
        null,
        null,
        1,
        46,
        200,
        null,
        null,
        null,
        1,
        36,
        null,
        7,
        null,
        29,
        null,
        null,
        null,
        1,
        21,
        10,
        null,
        11,
        null,
        null,
        null,
        1,
        14,
        14,
        1,
        null,
        13,
        11,
        null,
        2,
        2,
        null,
        null,
        null,
        1,
        null,
        null,
        29,
        17,
        17,
        null,
        null,
        29,
        13,
        16,
        5,
        null,
        null,
        null,
        null,
        null
      ]
    },
    "timestamp": 1573438724
  }
}
